<?xml version="1.0" encoding="UTF-8"?>
<!-- Generated by org.testng.reporters.JUnitReportReporter -->
<testsuite hostname="YuvalsLaptop" failures="0" tests="1" name="com.mendio.gcloud.CatTest" time="2.362" errors="0" timestamp="2025-02-27T19:16:55 IST" skipped="0">
  <testcase classname="com.mendio.gcloud.CatTest" name="testCatCommand" time="2.362"/>
  <system-out/>
</testsuite> <!-- com.mendio.gcloud.CatTest -->
